commit c68d9699bf20ccbd6b435c7a120a55ec1ea6f071
Author: dengfeng <dengfeng.tu@changhong.com>
Date:   Mon Sep 2 10:45:38 2019 +0800

    '[FIX]第三步点击下一步失败'

commit d0ff31c41e1503b7c30a3f1a32a1c8a8b8a95e1f
Author: dengfeng <dengfeng.tu@changhong.com>
Date:   Fri Aug 30 16:17:24 2019 +0800

    [ADD]查看合同历史权限控制

commit ee1991809467e20efa5a1bb1b9aad64d5643dbd9
Author: dengfeng <dengfeng.tu@changhong.com>
Date:   Fri Aug 30 16:11:17 2019 +0800

    [FIX]多语言销毁时保存formValue[FIX]step1中changeCode计算

commit 3ff298b1f6a0801f74dc902fd0f7d424cbc83d64
Merge: d153ad0 cf85739
Author: dengfeng <dengfeng.tu@changhong.com>
Date:   Thu Aug 29 17:39:02 2019 +0800

    Merge remote-tracking branch 'origin/master'

commit d153ad0dba1e22ad2e6cd2c287d5393c8fcd44e3
Author: dengfeng <dengfeng.tu@changhong.com>
Date:   Thu Aug 29 17:38:48 2019 +0800

    [ADD]格式文本审批流

commit 59f48f2d19459266e85582ff02aa674241dc347b
Author: dengfeng <dengfeng.tu@changhong.com>
Date:   Thu Aug 29 15:03:14 2019 +0800

    [FIX]组织机构回显

commit c5646fa4044a52ea42ec9a6658412683312deef0
Author: dengfeng <dengfeng.tu@changhong.com>
Date:   Wed Aug 28 15:49:20 2019 +0800

    [FIX]综合查询报表不能查出格式文本

commit f3f32c81501a6861111fb3ee31c4536bb4464150
Author: dengfeng <dengfeng.tu@changhong.com>
Date:   Wed Aug 28 13:56:14 2019 +0800

    [FIX]合同编辑第二部多语言配置[FIX]合同编辑第一步changeCode判断失效[ADD]新增TextArea多语言支持

commit 826a3f63bc625551cbff58c8ea3d0b6fb580accb
Merge: 0df27eb 0053e1f
Author: dengfeng <dengfeng.tu@changhong.com>
Date:   Tue Aug 27 15:13:32 2019 +0800

    Merge branch 'master' into dev

commit 0df27ebcfa5e7aaca8a3988e49188f0e45856f62
Merge: 8774896 1cfd3cc
Author: dengfeng <dengfeng.tu@changhong.com>
Date:   Tue Aug 27 15:13:25 2019 +0800

    Merge branch 'dev' of http://rddgit.changhong.com/ZT/contract-web into dev

commit 0053e1fa4c1f6413f4bf936f3f0c5c7444fccea0
Author: dengfeng <dengfeng.tu@changhong.com>
Date:   Mon Aug 26 14:05:46 2019 +0800

    [FIX]SelectTable错误数据兼容

commit 87748966e42e81fd6b94370964aab523385375f6
Merge: 1caf8b5 0283781
Author: dengfeng <dengfeng.tu@changhong.com>
Date:   Mon Aug 26 12:49:40 2019 +0800

    Merge branch 'master' into dev

commit 1caf8b5a1c3d3c2b45bec8144c95ab43201dca43
Merge: b3f86dd 5e37f83
Author: dengfeng <dengfeng.tu@changhong.com>
Date:   Mon Aug 26 12:46:53 2019 +0800

    Merge remote-tracking branch 'origin/dev' into dev

commit b3f86dd1dcc4f3169e4bf67494cfd537f66d1240
Author: dengfeng <dengfeng.tu@changhong.com>
Date:   Mon Aug 26 12:44:40 2019 +0800

    [FIX]完善合同授权接口调用

commit ddff1b408e064d00a11ab83eca0b840b2279ffe5
Author: dengfeng <dengfeng.tu@changhong.com>
Date:   Sat Aug 24 16:01:19 2019 +0800

    [FIX]合同效力选择改变

commit bd7a4d96c43838bbc97172a92ec80eda221f66b5
Author: dengfeng <dengfeng.tu@changhong.com>
Date:   Sat Aug 24 15:33:05 2019 +0800

    [FIX]英文分号改为中文分号[TEST]测试利率保存

commit 9efa703982d7aa8251d8a3cc805f6f61b14e0143
Merge: 271e83e d85e2b1
Author: dengfeng <dengfeng.tu@changhong.com>
Date:   Sat Aug 24 15:02:19 2019 +0800

    Merge branch 'master' into dev

commit 271e83ea0ee2664dd31f108aa44b1a63e96292e3
Author: dengfeng <dengfeng.tu@changhong.com>
Date:   Sat Aug 24 14:44:33 2019 +0800

    [ADD]合同授权查询接口

commit 8dcfee292d15c43b75799361154735b27c513a0f
Author: dengfeng <dengfeng.tu@changhong.com>
Date:   Tue Aug 20 16:28:10 2019 +0800

    [FIX]更换人员，组织查询接口

commit 3639a0ba5f45f2da2d7bed212415fe12cf66af59
Merge: 5b0995e aac4a41
Author: dengfeng <dengfeng.tu@changhong.com>
Date:   Tue Aug 20 16:15:22 2019 +0800

    Merge branch 'master' of http://rddgit.changhong.com/ZT/contract-web into dev

commit 5b0995ed9dca4d47e4cd2747bbdd66c6cc74e4a8
Author: dengfeng <dengfeng.tu@changhong.com>
Date:   Tue Aug 20 16:06:55 2019 +0800

    [ADD]合同授权弹窗，待对接接口

commit 7e974e35c1dbc9f08beaa7d37d7b6e971625c50b
Author: dengfeng <dengfeng.tu@changhong.com>
Date:   Fri Aug 16 16:44:00 2019 +0800

    [FIX]合同效力改为单选

commit c5c8daf3b0281a785486450af205807ff7dfb7ed
Merge: 331acbb ec473f1
Author: dengfeng <dengfeng.tu@changhong.com>
Date:   Fri Aug 16 16:21:37 2019 +0800

    Merge branch 'master' of http://rddgit.changhong.com/ZT/contract-web

commit 331acbbf7113532d95b31797937b3508700dbdcb
Author: dengfeng <dengfeng.tu@changhong.com>
Date:   Fri Aug 16 16:21:14 2019 +0800

    [FIX]新增业务清单名称长度[FIX]定价单名称

commit f294929273f914006065d85a758dff8131ee023e
Merge: f2b50d5 ecd1ebf
Author: dengfeng <dengfeng.tu@changhong.com>
Date:   Thu Aug 15 15:03:52 2019 +0800

    Merge branch 'master' of http://rddgit.changhong.com/ZT/contract-web

commit f2b50d546ceedc5c875320f34aff4e3c122e3358
Author: dengfeng <dengfeng.tu@changhong.com>
Date:   Thu Aug 15 15:03:09 2019 +0800

    [FIX]contractDetail Refs指向[FIX]多语言数值判断

commit 0477d12d67ef00aa9ab247877fefc56f9585acde
Author: dengfeng <dengfeng.tu@changhong.com>
Date:   Thu Aug 15 11:13:02 2019 +0800

    [FIX]多语言默认值处理

commit e2e0d7b378f8a5614cd7da823129d55a807f22d7
Author: dengfeng <dengfeng.tu@changhong.com>
Date:   Thu Aug 15 10:38:27 2019 +0800

    [FIX]模板多语言控制

commit 1899cefe38627fe5b7ef7f21414a29a06f4d9f99
Merge: 85d9359 d04cc80
Author: dengfeng <dengfeng.tu@changhong.com>
Date:   Thu Aug 15 10:10:18 2019 +0800

    Merge branch 'dev'

commit d04cc8020fc8a0fca5c219ae863085abb25e837c
Author: dengfeng <dengfeng.tu@changhong.com>
Date:   Wed Aug 14 09:42:52 2019 +0800

    [FIX]业务清单配置多语言信息

commit c45beaa02325a255b7a654e12dde0ef243ea4253
Author: dengfeng <dengfeng.tu@changhong.com>
Date:   Tue Aug 13 16:10:10 2019 +0800

    [ADD]业务清单多语言支持[ADD]业务清单表头多语言配置[FIX]ESlint import/order

commit cb9485f7f1b7eb1d2a059996d242d2d7308e02d3
Author: dengfeng <dengfeng.tu@changhong.com>
Date:   Mon Aug 12 18:05:51 2019 +0800

    [ADD]元素、业务清单多语言支持

commit ea0e72780cbd994292ad4305d11cea1de908e1ff
Merge: 2eb55c0 9a81bf2
Author: dengfeng <dengfeng.tu@changhong.com>
Date:   Mon Aug 12 09:39:14 2019 +0800

    Merge branch 'master' of http://rddgit.changhong.com/ZT/contract-web

commit 2eb55c0ab9cfa33c0790aa70f890677124445851
Author: dengfeng <dengfeng.tu@changhong.com>
Date:   Fri Aug 9 17:37:53 2019 +0800

    '[ADD]元素多语言支持'

commit 3f61910ed32c385eb341b7b5eabf629c12eebbe5
Merge: 939e38d cd217b4
Author: dengfeng <dengfeng.tu@changhong.com>
Date:   Thu Aug 8 17:56:18 2019 +0800

    [ADD]模板多语言支持

commit 939e38dec40753a548ec974aadd1bee6aaa8af5b
Author: dengfeng <dengfeng.tu@changhong.com>
Date:   Thu Aug 8 17:50:49 2019 +0800

    [ADD]模板支持多语言

commit 9e51cb65002906e62a3336b78baa17f9986c1816
Merge: 315f2fb a73eed0
Author: dengfeng <dengfeng.tu@changhong.com>
Date:   Wed Aug 7 16:56:52 2019 +0800

    Merge remote-tracking branch 'origin/master'

commit 315f2fba9d640fa04a1c812df7611aca60522ed4
Author: dengfeng <dengfeng.tu@changhong.com>
Date:   Wed Aug 7 16:56:28 2019 +0800

    [FIX]收款单查询

commit fb88ec63e3f519c5f5919ec50bd3fd3486500a08
Author: dengfeng <dengfeng.tu@changhong.com>
Date:   Tue Aug 6 17:56:14 2019 +0800

    [FIX]查看审批页面，滚动时保持页签栏

commit 27853b556066ada445799602df29e0746726012f
Author: dengfeng <dengfeng.tu@changhong.com>
Date:   Tue Aug 6 17:32:20 2019 +0800

    [ADD]收款查询条件

commit bba5fc34c7de8c639d1f715327ec162c5de6afdd
Author: dengfeng <dengfeng.tu@changhong.com>
Date:   Tue Aug 6 10:55:35 2019 +0800

    [ADD]收款，付款单查询、删除功能

commit 634e43e6dc1b5ea7c9210179f5a52e5bf9c21027
Author: dengfeng <dengfeng.tu@changhong.com>
Date:   Thu Aug 1 14:05:11 2019 +0800

    [ADD]合同认款查询[FIX]完善合同认领

commit 93227c588ffe9e5fd63cd0e4a5e78446e2ee641a
Author: dengfeng <dengfeng.tu@changhong.com>
Date:   Wed Jul 31 15:12:26 2019 +0800

    [FIX]完善合同认领
