commit 2f3b10da59d29ab6f652e32fdfe2d4cbff3eeb1d
Author: dengfeng <dengfeng.tu@changhong.com>
Date:   Fri Aug 23 18:22:01 2019 +0800

    [FIX]

commit 3ea4494d2c7dcd6dde02166af677d178174e0c40
Author: dengfeng <dengfeng.tu@changhong.com>
Date:   Fri Aug 23 18:16:45 2019 +0800

    [IGNORE]Fix Ignore

commit 09d40b0b94e973db06f1b8ea8f9ab15dd778cabc
Author: dengfeng <dengfeng.tu@changhong.com>
Date:   Fri Aug 23 18:15:41 2019 +0800

    [IGNORE]

commit 324d755d20e4103635600bd2b98e1f329fdfd18f
Author: dengfeng <dengfeng.tu@changhong.com>
Date:   Fri Aug 23 18:13:51 2019 +0800

    [UPDATE]

commit 543947cfa4ae92d7b47e28c7546fb961d499b8cd
Author: dengfeng <dengfeng.tu@changhong.com>
Date:   Fri Aug 23 17:53:48 2019 +0800

    '[FIX]修改编译输出路径'

commit 6b98484eecf602aa136f6e25dd04d3598af1f857
Author: dengfeng <dengfeng.tu@changhong.com>
Date:   Thu Aug 22 17:46:02 2019 +0800

    [UPDATE]更新版本号

commit 3b1242f2f683c386d4424368581a50ef7a394830
Author: dengfeng <dengfeng.tu@changhong.com>
Date:   Wed Aug 21 12:58:34 2019 +0800

    '[FIX]事件冒泡阻止'

commit 4b6d948a088decd8cd7c66468de97c32e1c5bc8b
Author: dengfeng <dengfeng.tu@changhong.com>
Date:   Mon Aug 19 21:57:35 2019 +0800

    [FIX]BUG

commit 2fea065b320a5c8a6cd93331ea917dc906d46011
Merge: a67fb53 75ac5db
Author: dengfeng <dengfeng.tu@changhong.com>
Date:   Mon Aug 19 21:11:17 2019 +0800

    Merge branch 'master' of https://github.com/Toototototo/copy-from-element-react

commit 75ac5db087ecfcdccd3f457ddaf091ba21a6c441
Author: dengfeng.tu@changhong.com <dengfeng.tu@changhong.com>
Date:   Mon Aug 19 19:54:39 2019 +0800

    [FIX]table onSelect

commit a67fb53b0a3ed22d34f3c10f8feff10e2fb30df9
Author: dengfeng <dengfeng.tu@changhong.com>
Date:   Fri Aug 16 20:18:49 2019 +0800

    [FIX]引用位置

commit ab60ca7abc22539a76a91dfcdcf70d5fe932c2dc
Author: dengfeng <dengfeng.tu@changhong.com>
Date:   Fri Aug 16 20:10:57 2019 +0800

    [FIX]typings

commit a9199e271449911cc8220838693a95cf43fe2179
Author: dengfeng <dengfeng.tu@changhong.com>
Date:   Fri Aug 16 20:06:56 2019 +0800

    [ADD]onRow接受所有表格行事件

commit f25239a607429aaf69825d8b0909cf0fc68b7857
Author: dengfeng.tu@changhong.com <dengfeng.tu@changhong.com>
Date:   Fri Aug 16 18:01:20 2019 +0800

    [ADD]Table添加onRowClick时间

commit 48f0b3e673b9e84d34db2ef05df84dcd52eb7aec
Author: dengfeng.tu@changhong.com <dengfeng.tu@changhong.com>
Date:   Fri Aug 16 15:14:55 2019 +0800

    [UPDATE]version

commit df26da9a95a55e0ef2e0c0ddb4c5fa7667ef7c3a
Author: dengfeng.tu@changhong.com <dengfeng.tu@changhong.com>
Date:   Fri Aug 16 15:14:22 2019 +0800

    [CHANGE]no react-hot-loader

commit 64a3871ad520145b1379cccee0493359e67e87cb
Author: dengfeng.tu@changhong.com <dengfeng.tu@changhong.com>
Date:   Fri Aug 16 11:27:16 2019 +0800

    [FIX]引用来源ES6

commit 61a363b7374b5d4bd012f747ace6a89be775f29f
Author: dengfeng.tu@changhong.com <dengfeng.tu@changhong.com>
Date:   Thu Aug 15 16:50:06 2019 +0800

    [FIX]format Change

commit b29b1bbc624cc81c3d3f532253819c9157f3ef41
Author: dengfeng <dengfeng.tu@changhong.com>
Date:   Thu Aug 15 15:48:37 2019 +0800

    [DELETE]删除console

commit 89cdada20c9d0b9ee390ba162f3154b23da24b26
Author: dengfeng <dengfeng.tu@changhong.com>
Date:   Tue Aug 13 17:15:14 2019 +0800

    [FIX]Table key for dataIndex or Key
