commit 131ef28285f5aff5cd629598daff64271d5c02f1
Merge: 4f63712 026cf07
Author: dengfeng <dengfeng.tu@changhong.com>
Date:   Mon Sep 2 11:11:16 2019 +0800

    Merge branch 'master' into dev

commit 0c315020c74fcef52cc61f9a95d10fe154777428
Author: dengfeng <dengfeng.tu@changhong.com>
Date:   Thu Aug 29 18:23:24 2019 +0800

    [FIX]lint[UPDATE]version

commit 43ac85bfab27791d1badbb90f5f716ee3602394d
Author: dengfeng <dengfeng.tu@changhong.com>
Date:   Thu Aug 29 17:49:00 2019 +0800

    [UPDATE]version

commit d8eae5228a3c1dbea4412198018abeef7e7ef08a
Author: dengfeng <dengfeng.tu@changhong.com>
Date:   Thu Aug 29 16:17:19 2019 +0800

    '[FIX]Table点击事件'

commit d4ad2750a88b73aa651f190373cf85b4499f1741
Author: dengfeng <dengfeng.tu@changhong.com>
Date:   Wed Aug 28 15:38:41 2019 +0800

    [FIX]lint[UPDATE]version

commit 9df296b7e7a1479ab506702ce123b9f2bfaecb12
Author: dengfeng <dengfeng.tu@changhong.com>
Date:   Wed Aug 28 15:27:18 2019 +0800

    '[FIX]消息组件样式调整'

commit 873f967970089ed8f77875004273ef63ec62a2bd
Author: dengfeng <dengfeng.tu@changhong.com>
Date:   Tue Aug 27 17:36:09 2019 +0800

    '[UPDATE]version'

commit 3e12380a746a4d53afd5ef13730c19509fd71e9b
Author: dengfeng <dengfeng.tu@changhong.com>
Date:   Tue Aug 27 16:22:48 2019 +0800

    [FIX]onRow返回TableEventListeners

commit 7073489e7215fe46c4705d423c5e02254842c9f9
Author: dengfeng <dengfeng.tu@changhong.com>
Date:   Tue Aug 27 15:56:14 2019 +0800

    [UPDATE]version

commit 2c310f68f6a2a7f5770d4d35764e09c37ea67e0b
Author: dengfeng <dengfeng.tu@changhong.com>
Date:   Mon Aug 26 17:34:20 2019 +0800

    [FIX]lint

commit 6afac756fc7c72d882005451a6df65433a7f4269
Author: dengfeng <dengfeng.tu@changhong.com>
Date:   Mon Aug 26 17:06:26 2019 +0800

    [FIX]onRow返回TableEventListeners

commit 449fd3f210d6db7563ca00de55d5ac426c1a774c
Merge: ed560a5 71d0b87
Author: dengfeng <dengfeng.tu@changhong.com>
Date:   Mon Aug 26 15:32:50 2019 +0800

    Merge branch 'master' into dev

commit ed560a531fbed9adafbff1f25551050c2cee7281
Merge: b4eea03 cc0c741
Author: dengfeng <dengfeng.tu@changhong.com>
Date:   Mon Aug 26 15:32:26 2019 +0800

    Merge remote-tracking branch 'origin/dev' into dev

commit b4eea03285169bc2b70c5fe416c0632134b4f41f
Author: dengfeng <dengfeng.tu@changhong.com>
Date:   Mon Aug 26 15:32:06 2019 +0800

    [FIX]完善Table组件[FIX]通过测试用例[ADD]添加Table说明文档

commit 517fe75f06eafff0c5039e6ad59ee499da525843
Author: dengfeng <dengfeng.tu@changhong.com>
Date:   Mon Aug 26 00:02:01 2019 +0800

    '[ADD]抽取element-table'

commit 06f8c2d2f05ad2eb029daada22af09fe220422d4
Merge: 229f0e6 bd541ad
Author: dengfeng <dengfeng.tu@changhong.com>
Date:   Sat Aug 24 19:42:09 2019 +0800

    Merge branch 'dev'

commit bd541ad3de65a97c18a410e3dbecb46ecd4735f6
Author: dengfeng <dengfeng.tu@changhong.com>
Date:   Sat Aug 24 19:41:44 2019 +0800

    '[FIX]样式调整'

commit 229f0e6849c4a565f5c38f3c143c49cf67c662b8
Merge: e061902 37639fb
Author: dengfeng <dengfeng.tu@changhong.com>
Date:   Fri Aug 23 16:07:37 2019 +0800

    Merge branch 'dev'

commit 37639fbe4a7cd81b472ad6f4e85d0bf6b525f131
Author: dengfeng <dengfeng.tu@changhong.com>
Date:   Fri Aug 23 16:07:05 2019 +0800

    [FIX]lint:fx

commit 832e040eeff0d5c73c96b460e3d1520dfae85d90
Merge: 96dd116 966e6cd
Author: dengfeng <dengfeng.tu@changhong.com>
Date:   Fri Aug 23 15:57:33 2019 +0800

    Merge branch 'dev' of http://202.98.157.109:9090/ecmp-list/basic/library-web/react into dev

commit 966e6cda822633cb2422a950a7e5bd4c5b98f1ae
Author: dengfeng <dengfeng.tu@changhong.com>
Date:   Fri Aug 23 15:56:47 2019 +0800

    '[FIX]lint:fx'

commit 96dd1160b35eb3575cf5634748522eecec3bd370
Author: dengfeng <dengfeng.tu@changhong.com>
Date:   Fri Aug 23 15:56:10 2019 +0800

    [FIX]lint:ts

commit 5f0b2d977334751bf76de50f7fd2f65cf929f7ab
Author: dengfeng <dengfeng.tu@changhong.com>
Date:   Fri Aug 23 15:48:12 2019 +0800

    '[ADD]站内消息发布'

commit 444fe226fac6818461faf8be23f7132bb6718079
Merge: 828aec4 6aa4bd2
Author: dengfeng <dengfeng.tu@changhong.com>
Date:   Fri Aug 23 15:26:34 2019 +0800

    Merge branch 'dev' of http://10.4.69.31:9090/ecmp-list/basic/library-web/react into dev

commit 828aec4b104870a6e0630b788b9030d2d70eb26a
Author: dengfeng <dengfeng.tu@changhong.com>
Date:   Wed Aug 21 12:59:06 2019 +0800

    '[FIX]'

commit b44d2a8054b20591c54b65192dea5291b54705dd
Author: dengfeng <dengfeng.tu@changhong.com>
Date:   Tue Aug 20 18:30:41 2019 +0800

    [ADD]Iconfont说明文档

commit 1dc5aa29e1043550100d3fcc07df607a530de33c
Author: dengfeng <dengfeng.tu@changhong.com>
Date:   Tue Aug 20 17:27:26 2019 +0800

    [FIX]TSLint[FIX]文件上传组件初始值接收

commit cc506c6f9160155d42866decc0b2abe9155eb204
Author: dengfeng <dengfeng.tu@changhong.com>
Date:   Tue Aug 20 00:47:48 2019 +0800

    [FIX]lint检查

commit 94b04cce5c0484f9fd0a2ec251367362ec14e92d
Author: dengfeng <dengfeng.tu@changhong.com>
Date:   Tue Aug 20 00:09:17 2019 +0800

    [ADD]Upload File List

commit 8fa6b84b85906372c47258a45323c204d16d5b4e
Author: dengfeng <dengfeng.tu@changhong.com>
Date:   Mon Aug 19 19:57:06 2019 +0800

    [FIX]select Table 选择

commit 7ced2ba4c62f6c4381271085a4964fc00325445b
Author: dengfeng <dengfeng.tu@changhong.com>
Date:   Mon Aug 19 19:16:26 2019 +0800

    [ADD]Select Table

commit f72a444e6150e57c97d0742cabe2437f13f88031
Author: dengfeng <dengfeng.tu@changhong.com>
Date:   Fri Aug 16 20:21:10 2019 +0800

    [ADD]Table OnRow

commit 2bb078a8fcd85d550c12fbdbfe1fc6dc7d9483d0
Merge: d969f12 d67ab15
Author: dengfeng <dengfeng.tu@changhong.com>
Date:   Fri Aug 16 18:10:32 2019 +0800

    Merge branch 'dev' of http://10.4.69.31:9090/ecmp-list/basic/library-web/react into dev

commit d969f12ec879211f071aa2ff6ecbba8a827b53a9
Author: dengfeng <dengfeng.tu@changhong.com>
Date:   Fri Aug 16 18:10:26 2019 +0800

    [ADD]Table添加点击事件

commit 6be09c890ebbd4a3934ddf5abd310d77d2911058
Author: dengfeng.tu@changhong.com <dengfeng.tu@changhong.com>
Date:   Fri Aug 16 15:11:24 2019 +0800

    [FIX]站内消息组件调整

commit 32cef9595a4d8dd6caf2f5f1b24d65bf3b55d6bb
Merge: 7f26ef9 061d5d2
Author: dengfeng.tu@changhong.com <dengfeng.tu@changhong.com>
Date:   Fri Aug 16 10:15:50 2019 +0800

    Merge branch 'dev' of http://10.4.69.31:9090/ecmp-list/basic/library-web/react into dev

commit 061d5d2afa99f6568e90fc03476784f6f1fe9963
Author: dengfeng <dengfeng.tu@changhong.com>
Date:   Thu Aug 15 21:48:41 2019 +0800

    [FIX]站内消息接口调用时机改变

commit 74c85bb3c7fcffc210070c5cbea41da0ab2b627a
Author: dengfeng <dengfeng.tu@changhong.com>
Date:   Thu Aug 15 18:03:49 2019 +0800

    [FIX]react-color依赖[FIX]全局样式再次修改

commit 3aa85127e506608a8f115cd8e9d8b87dc64efbd7
Author: dengfeng <dengfeng.tu@changhong.com>
Date:   Thu Aug 15 15:26:05 2019 +0800

    [FIX]Table高度调整

commit 55bbf6adeb4a3b2f55b7f4e72b3d806bff47621b
Author: dengfeng <dengfeng.tu@changhong.com>
Date:   Thu Aug 15 15:22:44 2019 +0800

    [FIX]Table高度调整

commit 6ace84430de5210e3f2b84989ec34032655bcac4
Author: dengfeng <dengfeng.tu@changhong.com>
Date:   Thu Aug 15 15:21:54 2019 +0800

    [FIX]Table高度调整

commit 7f26ef98797fab07a1a628e72be158b114810293
Merge: cd81b41 d8fceb6
Author: dengfeng.tu@changhong.com <dengfeng.tu@changhong.com>
Date:   Wed Aug 14 15:24:44 2019 +0800

    Merge branch 'dev' of http://10.4.69.31:9090/ecmp-list/basic/library-web/react into dev

commit 10e0b7f7e3eedbaee1fbd814424bb60cfb4004b8
Author: dengfeng <dengfeng.tu@changhong.com>
Date:   Fri Aug 9 13:48:15 2019 +0800

    [FIX]依赖，lint检查

commit 2a2ac3681fa59c3f4a49c365ca23413780e809ea
Author: dengfeng <dengfeng.tu@changhong.com>
Date:   Fri Aug 9 10:38:59 2019 +0800

    [CHANGE]组件引用路径修改

commit 50d386c742a5221e383a7f1da9cfe9e2335657c7
Author: dengfeng <dengfeng.tu@changhong.com>
Date:   Mon Aug 5 18:17:12 2019 +0800

    [COMPLETE]系统配置组件

commit 021e49c1ebab3d81ffd755bc190784162dc44591
Author: dengfeng <dengfeng.tu@changhong.com>
Date:   Mon Aug 5 18:15:42 2019 +0800

    '[COMPLETE]系统配置组件'

commit 6fe32294d4dd655aabb0a7662b6646a8eb1597d7
Author: dengfeng <dengfeng.tu@changhong.com>
Date:   Mon Aug 5 12:53:56 2019 +0800

    [CHANGE]Demo Path

commit 6cdf28b5f6af4de4d1724511f094a9169ee82849
Author: dengfeng <dengfeng.tu@changhong.com>
Date:   Mon Aug 5 12:11:37 2019 +0800

    [FIX]全局样式调整

commit cd81b4121321b5f77318910976412958d3b5f96d
Merge: a03d92f 989fdc5
Author: dengfeng <dengfeng.tu@changhong.com>
Date:   Thu Aug 1 17:12:22 2019 +0800

    Merge branch 'dev' of http://10.4.69.31:9090/ecmp-list/basic/library-web/react into dev

commit 989fdc5c7dd0be5e34aed335156c283951ff2fa0
Author: dengfeng <dengfeng.tu@changhong.com>
Date:   Thu Aug 1 16:40:35 2019 +0800

    '[TEST]LessModify'
