commit 94c257834ef225bdfdb405f8ea43d60fe24824cd
Merge: e99b76a13 93f5a9ee8
Author: dengfeng <dengfeng.tu@changhong.com>
Date:   Tue Jul 16 15:00:37 2019 +0800

    Merge remote-tracking branch 'origin/dev' into dev

commit e99b76a137df66c2c40606d4c430a05fef97484a
Author: dengfeng <dengfeng.tu@changhong.com>
Date:   Tue Jul 16 15:00:24 2019 +0800

    [FIX]要求报价时间

commit 6e54336888056255a4dd2e27205361af6d212123
Author: dengfeng <dengfeng.tu@changhong.com>
Date:   Tue Jul 16 13:57:30 2019 +0800

    [FIX]要求报价时间

commit 80112460da3551cfda35987cc5771f483554bbad
Author: dengfeng <dengfeng.tu@changhong.com>
Date:   Mon Jul 15 15:39:39 2019 +0800

    [FIX]项目联系人默认值[FIX]分项报价控制调整[FIX]供应商数据显示控制

commit def718f290d37faaadadee7f5250bcaec0478f30
Author: dengfeng <dengfeng.tu@changhong.com>
Date:   Fri Jul 12 16:22:13 2019 +0800

    [FIX]供应商限制数量

commit 88c4b1b409ea533db1045655aad37364bf7802ee
Merge: b522e75d6 bc5d1671d
Author: dengfeng <dengfeng.tu@changhong.com>
Date:   Fri Jul 12 14:18:04 2019 +0800

    Merge branch 'dev' of http://rddgit.changhong.com/ZT/srm-web into dev

commit b522e75d6a982b0298eb88d4b542d73f120f57c8
Author: dengfeng <dengfeng.tu@changhong.com>
Date:   Fri Jul 12 14:15:18 2019 +0800

    [FIX]分项报价

commit 4ce68f45b3e2cabf6079a182d3f9ddca910e5299
Author: dengfeng <dengfeng.tu@changhong.com>
Date:   Thu Jul 11 14:43:25 2019 +0800

    [FIX]是否分项报价字段类型改变[FIX]报价联系人默认值改变

commit 4e9b1814787dc3d94ae157cc75cc5923c48df0c9
Author: dengfeng <dengfeng.tu@changhong.com>
Date:   Wed Jul 10 17:16:45 2019 +0800

    [FIX]需求附件又是另外一种请求方式

commit 6e19ae812967cf8ceb2cf09922693422fa7bca23
Merge: 06581cb5b 6628f7f3a
Author: dengfeng <dengfeng.tu@changhong.com>
Date:   Wed Jul 10 17:11:39 2019 +0800

    Merge remote-tracking branch 'origin/dev' into dev

commit 06581cb5b93815839a12c667ab7b064aa0d25158
Author: dengfeng <dengfeng.tu@changhong.com>
Date:   Wed Jul 10 17:00:38 2019 +0800

    [FIX]判断项目信息

commit d453e1c35a5df5431cf6556f163c1fcffd254194
Merge: dbf4b1945 ebbda8058
Author: dengfeng <dengfeng.tu@changhong.com>
Date:   Wed Jul 10 15:36:33 2019 +0800

    Merge branch 'dev' of http://rddgit.changhong.com/ZT/srm-web into dev

commit dbf4b194508a6178bf7cb39c7bdf8ffe0fac4550
Author: dengfeng <dengfeng.tu@changhong.com>
Date:   Wed Jul 10 15:35:09 2019 +0800

    [FIX]什么固定列要改

commit cf4f8eb2569d397232ecdd8e4776dd891b950d55
Merge: ef5c3c57d be08c5f89
Author: dengfeng <dengfeng.tu@changhong.com>
Date:   Tue Jul 9 16:36:37 2019 +0800

    Merge remote-tracking branch 'origin/dev' into dev

commit ef5c3c57d6cfb25327561917c8d6a6e03720e773
Author: dengfeng <dengfeng.tu@changhong.com>
Date:   Tue Jul 9 16:36:23 2019 +0800

    [FIX]请求接口参数

commit d082beb6c3b434a8560ddc4c06f21559511521c6
Merge: a9154a676 8c031e49a
Author: dengfeng <dengfeng.tu@changhong.com>
Date:   Mon Jul 8 15:55:25 2019 +0800

    Merge remote-tracking branch 'origin/dev' into dev

commit a9154a6760996fba2d4b4df82ccc97c4e377d85d
Author: dengfeng <dengfeng.tu@changhong.com>
Date:   Mon Jul 8 15:54:53 2019 +0800

    [FIX]报价交货日期默认值显示

commit 0b62f8095db1d2c86f666e09d6bf9497964b0210
Author: dengfeng <dengfeng.tu@changhong.com>
Date:   Fri Jul 5 22:21:24 2019 +0800

    [FIX]报价行必填数据校验
    [FIX]导入数据时间格式数据校验

commit c8a6d44a10c2d3784486f11ceaf54ebc3604e2da
Author: dengfeng <dengfeng.tu@changhong.com>
Date:   Fri Jul 5 15:46:57 2019 +0800

    [FIX]文件上传回调

commit f7c8cd80ec34ef624ded76fa4d524b581da4089d
Author: dengfeng <dengfeng.tu@changhong.com>
Date:   Fri Jul 5 15:11:39 2019 +0800

    [FIX]bug修复

commit 4d1ed7a2cd2a0057ec4dbf40095f1f5a41b16430
Merge: 7ea67aad3 fa99824dd
Author: dengfeng <dengfeng.tu@changhong.com>
Date:   Thu Jul 4 14:16:44 2019 +0800

    Merge remote-tracking branch 'origin/dev' into dev

commit 7ea67aad374610b5d363f16089ff20feee47523e
Author: dengfeng <dengfeng.tu@changhong.com>
Date:   Thu Jul 4 14:16:34 2019 +0800

    [ADD]报价附件预览[FIX]报价明细接口调整

commit 5f3a74240954fbbeb6cf429cd11748dc76e851ad
Merge: a1dc72eaa 73eb257c9
Author: dengfeng <dengfeng.tu@changhong.com>
Date:   Wed Jul 3 15:54:41 2019 +0800

    Merge remote-tracking branch 'origin/dev' into dev

commit a1dc72eaa73cd5692d5f5508f63265e362e098a6
Author: dengfeng <dengfeng.tu@changhong.com>
Date:   Wed Jul 3 15:54:29 2019 +0800

    [FIX]文件上传loading

commit 3c72fc2deae11eaee82624f4bed99c74177ac269
Merge: a7265bda4 f1e7d5e6f
Author: dengfeng <dengfeng.tu@changhong.com>
Date:   Wed Jul 3 13:34:40 2019 +0800

    Merge remote-tracking branch 'origin/dev' into dev

commit a7265bda45b5c7300a7de699a78945ea119876f5
Author: dengfeng <dengfeng.tu@changhong.com>
Date:   Wed Jul 3 13:34:20 2019 +0800

    [FIX]报价表格数据格式修改

commit 0ea6380d00000fbd2a03ea2df6bddaec8746051c
Merge: ffaf815fc 1bff33b7e
Author: dengfeng <dengfeng.tu@changhong.com>
Date:   Tue Jul 2 19:55:13 2019 +0800

    Merge remote-tracking branch 'origin/dev' into dev

commit ffaf815fca85487c26ac237554364fa2fc9d0373
Author: dengfeng <dengfeng.tu@changhong.com>
Date:   Tue Jul 2 19:54:57 2019 +0800

    [FIX]发送报价

commit 19f2c8347fd2d4d7e0b6910d3fe7930af8b4e960
Author: dengfeng <dengfeng.tu@changhong.com>
Date:   Tue Jul 2 19:35:49 2019 +0800

    [TEST]console

commit b711d37526f3dcfaa2b6e8f7319fcced3e6e53ed
Merge: cb57869b9 77348f695
Author: dengfeng <dengfeng.tu@changhong.com>
Date:   Tue Jul 2 18:37:50 2019 +0800

    Merge branch 'dev' of http://rddgit.changhong.com/ZT/srm-web into dev

commit cb57869b9cbbb34c690014ac431de787de75ddbf
Author: dengfeng <dengfeng.tu@changhong.com>
Date:   Tue Jul 2 18:37:24 2019 +0800

    [FIX]报价详情字段补充

commit 8b8e6d736befec18c8d1c0893135027930ec79b9
Author: dengfeng <dengfeng.tu@changhong.com>
Date:   Mon Jul 1 15:02:52 2019 +0800

    [FIX]修改页签标题

commit 3e14cdc8f2290ac49fc2cc1d9fd60ede6e5f1444
Author: dengfeng <dengfeng.tu@changhong.com>
Date:   Mon Jul 1 10:14:53 2019 +0800

    [FIX]待报价界面逻辑调整[FIX]发送报价、保存草稿接口修改

commit 004b769feb3d0359aedd06a39f0006a456209255
Merge: 5c434bc5e 90339f316
Author: dengfeng <dengfeng.tu@changhong.com>
Date:   Fri Jun 28 18:11:54 2019 +0800

    Merge remote-tracking branch 'origin/dev' into dev

commit 5c434bc5e9edea41599da27f5b3bd1af203e9903
Author: dengfeng <dengfeng.tu@changhong.com>
Date:   Fri Jun 28 18:11:46 2019 +0800

    [ADD]询价单管理

commit dfb7f041becbabcfafe09f6952a76c371a0f5a9b
Merge: b7706a7e1 e188ae2f5
Author: dengfeng <dengfeng.tu@changhong.com>
Date:   Fri Jun 28 16:47:21 2019 +0800

    Merge remote-tracking branch 'origin/dev' into dev

commit b7706a7e1b1260eb951e328a7ede5108475328a8
Author: dengfeng <dengfeng.tu@changhong.com>
Date:   Fri Jun 28 16:47:10 2019 +0800

    [FIX]对接后端接口

commit 1fc4e67edf178b83c8258ffbbdd34ae5432c1c89
Author: dengfeng <dengfeng.tu@changhong.com>
Date:   Fri Jun 28 14:07:55 2019 +0800

    [FIX]文件下载打开新的页签

commit 176ad85077ef96aca9e5490b20886cfe28c0b5ac
Author: dengfeng <dengfeng.tu@changhong.com>
Date:   Fri Jun 28 14:00:41 2019 +0800

    [FIX]发送报价modal提示框

commit ab71750f6783729e6abc4148ec98cdf80ad50523
Author: dengfeng <dengfeng.tu@changhong.com>
Date:   Fri Jun 28 13:58:27 2019 +0800

    [FIX]发送报价完成回到列表界面

commit 841f91d616a1d6e99f4090c4032f2a4abc24377f
Author: dengfeng <dengfeng.tu@changhong.com>
Date:   Fri Jun 28 13:48:24 2019 +0800

    [FIX]报价行必填控制修改

commit a0f27fdeb00a0f19c75a5679fac93d8d7a60861a
Merge: a7f7c878d 3d1eccfc9
Author: dengfeng <dengfeng.tu@changhong.com>
Date:   Thu Jun 27 17:50:21 2019 +0800

    Merge remote-tracking branch 'origin/dev' into dev

commit a7f7c878d5b1e9c3d7d4716b3b281818a0c745ef
Author: dengfeng <dengfeng.tu@changhong.com>
Date:   Thu Jun 27 17:50:14 2019 +0800

    [FIX]报价时间判断错误

commit 0dc9098d6d681eb983419a4a03acf6cf386fea15
Author: dengfeng <dengfeng.tu@changhong.com>
Date:   Thu Jun 27 16:49:44 2019 +0800

    [ADD]对接文件导入，发送报价

commit 32581717160d110d496d9c10bb11c9d0e364f704
Merge: f4304107e 4da5aa6a2
Author: dengfeng <dengfeng.tu@changhong.com>
Date:   Thu Jun 27 16:38:44 2019 +0800

    Merge remote-tracking branch 'origin/dev' into dev
    
    # Conflicts:
    #       src/components/2nd/QuotationPrice/service.js

commit f4304107efa921d761b177a354f155cb722ac6fd
Author: dengfeng <dengfeng.tu@changhong.com>
Date:   Thu Jun 27 16:36:57 2019 +0800

    [ADD]对接文件导入，发送报价

commit 1a92e3b733a553132902de2fbe6c031ea1a3e92a
Merge: 178bc0344 6251e6391
Author: dengfeng <dengfeng.tu@changhong.com>
Date:   Thu Jun 27 11:15:53 2019 +0800

    Merge remote-tracking branch 'origin/dev' into dev

commit 178bc0344baac710277627d3f59b3e825149feff
Author: dengfeng <dengfeng.tu@changhong.com>
Date:   Thu Jun 27 11:15:35 2019 +0800

    [ADD]文件导入

commit 3caba08c761331ab14d4ff696bd50e2b663d207b
Author: dengfeng <dengfeng.tu@changhong.com>
Date:   Wed Jun 26 16:32:04 2019 +0800

    [RESET]又提交了。。

commit 846d60f651f02027d9723e1bf5ee894c585727d3
Merge: e239f66db 03c6037ad
Author: dengfeng <dengfeng.tu@changhong.com>
Date:   Wed Jun 26 16:30:59 2019 +0800

    Merge remote-tracking branch 'origin/dev' into dev

commit e239f66db959304d1dd61557d8081fccc14adebb
Author: dengfeng <dengfeng.tu@changhong.com>
Date:   Wed Jun 26 16:26:53 2019 +0800

    [ADD]报价单编辑详情，上传文件

commit a11c60dc32fe4516d3f2a5c21e1b089f61e1315f
Author: dengfeng <dengfeng.tu@changhong.com>
Date:   Wed Jun 26 09:32:00 2019 +0800

    [RESET]回滚已经提交的代码

commit c8d20d4f5c9c97c9ceaf10fcf0e52f141aa2ddb9
Author: dengfeng <dengfeng.tu@changhong.com>
Date:   Tue Jun 25 19:00:23 2019 +0800

    [ADD]报价详情

commit ebe1d92f86975faa8ffe96b5c3ba1143307c5e57
Author: dengfeng <dengfeng.tu@changhong.com>
Date:   Tue Jun 25 18:53:25 2019 +0800

    [ADD]报价详情

commit 345831a0c0539d959dcd3a1f11f36af5232385b6
Merge: 41008105e 6610f19c7
Author: dengfeng <dengfeng.tu@changhong.com>
Date:   Fri Jun 21 17:59:38 2019 +0800

    Merge remote-tracking branch 'origin/dev' into dev

commit 41008105e0a2a9d1ce3a504ba60234ffca9fe495
Author: dengfeng <dengfeng.tu@changhong.com>
Date:   Fri Jun 21 17:59:26 2019 +0800

    [CHANGE]
